

Started GET "/" for 127.0.0.1 at 2015-12-18 17:03:40 +0530

ActiveRecord::PendingMigrationError (

Migrations are pending. To resolve this issue, run:

	bin/rake db:migrate RAILS_ENV=development

):
  activerecord (4.2.1) lib/active_record/migration.rb:393:in `check_pending!'
  activerecord (4.2.1) lib/active_record/migration.rb:374:in `call'
  actionpack (4.2.1) lib/action_dispatch/middleware/callbacks.rb:29:in `block in call'
  activesupport (4.2.1) lib/active_support/callbacks.rb:88:in `call'
  activesupport (4.2.1) lib/active_support/callbacks.rb:88:in `_run_callbacks'
  activesupport (4.2.1) lib/active_support/callbacks.rb:776:in `_run_call_callbacks'
  activesupport (4.2.1) lib/active_support/callbacks.rb:81:in `run_callbacks'
  actionpack (4.2.1) lib/action_dispatch/middleware/callbacks.rb:27:in `call'
  actionpack (4.2.1) lib/action_dispatch/middleware/reloader.rb:73:in `call'
  actionpack (4.2.1) lib/action_dispatch/middleware/remote_ip.rb:78:in `call'
  actionpack (4.2.1) lib/action_dispatch/middleware/debug_exceptions.rb:17:in `call'
  actionpack (4.2.1) lib/action_dispatch/middleware/show_exceptions.rb:30:in `call'
  railties (4.2.1) lib/rails/rack/logger.rb:38:in `call_app'
  railties (4.2.1) lib/rails/rack/logger.rb:20:in `block in call'
  activesupport (4.2.1) lib/active_support/tagged_logging.rb:68:in `block in tagged'
  activesupport (4.2.1) lib/active_support/tagged_logging.rb:26:in `tagged'
  activesupport (4.2.1) lib/active_support/tagged_logging.rb:68:in `tagged'
  railties (4.2.1) lib/rails/rack/logger.rb:20:in `call'
  actionpack (4.2.1) lib/action_dispatch/middleware/request_id.rb:21:in `call'
  rack (1.6.4) lib/rack/methodoverride.rb:22:in `call'
  rack (1.6.4) lib/rack/runtime.rb:18:in `call'
  activesupport (4.2.1) lib/active_support/cache/strategy/local_cache_middleware.rb:28:in `call'
  rack (1.6.4) lib/rack/lock.rb:17:in `call'
  actionpack (4.2.1) lib/action_dispatch/middleware/static.rb:113:in `call'
  rack (1.6.4) lib/rack/sendfile.rb:113:in `call'
  railties (4.2.1) lib/rails/engine.rb:518:in `call'
  railties (4.2.1) lib/rails/application.rb:164:in `call'
  rack (1.6.4) lib/rack/lock.rb:17:in `call'
  rack (1.6.4) lib/rack/content_length.rb:15:in `call'
  rack (1.6.4) lib/rack/handler/webrick.rb:88:in `service'
  /home/dess/.rubies/ruby-2.0.0-p576/lib/ruby/2.0.0/webrick/httpserver.rb:138:in `service'
  /home/dess/.rubies/ruby-2.0.0-p576/lib/ruby/2.0.0/webrick/httpserver.rb:94:in `run'
  /home/dess/.rubies/ruby-2.0.0-p576/lib/ruby/2.0.0/webrick/server.rb:295:in `block in start_thread'


  Rendered /home/dess/.gem/ruby/2.0.0/gems/actionpack-4.2.1/lib/action_dispatch/middleware/templates/rescues/_source.erb (1.7ms)
  Rendered /home/dess/.gem/ruby/2.0.0/gems/actionpack-4.2.1/lib/action_dispatch/middleware/templates/rescues/_trace.html.erb (0.9ms)
  Rendered /home/dess/.gem/ruby/2.0.0/gems/actionpack-4.2.1/lib/action_dispatch/middleware/templates/rescues/_request_and_response.html.erb (0.5ms)
  Rendered /home/dess/.gem/ruby/2.0.0/gems/actionpack-4.2.1/lib/action_dispatch/middleware/templates/rescues/diagnostics.html.erb within rescues/layout (11.4ms)
  [1m[36m (107.6ms)[0m  [1mCREATE TABLE "schema_migrations" ("version" varchar NOT NULL) [0m
  [1m[35m (0.1ms)[0m  select sqlite_version(*)
  [1m[36m (99.6ms)[0m  [1mCREATE UNIQUE INDEX "unique_schema_migrations" ON "schema_migrations" ("version")[0m
  [1m[35mActiveRecord::SchemaMigration Load (0.2ms)[0m  SELECT "schema_migrations".* FROM "schema_migrations"
Migrating to CreateTodoLists (20141012144309)
  [1m[36m (0.1ms)[0m  [1mbegin transaction[0m
DEPRECATION WARNING: `#timestamp` was called without specifying an option for `null`. In Rails 5, this behavior will change to `null: false`. You should manually specify `null: true` to prevent the behavior of your existing migrations from changing. (called from block in change at /home/dess/Todo-App/db/migrate/20141012144309_create_todo_lists.rb:7)
  [1m[35m (0.4ms)[0m  CREATE TABLE "todo_lists" ("id" INTEGER PRIMARY KEY AUTOINCREMENT NOT NULL, "title" varchar, "description" text, "created_at" datetime, "updated_at" datetime) 
  [1m[36mSQL (0.2ms)[0m  [1mINSERT INTO "schema_migrations" ("version") VALUES (?)[0m  [["version", "20141012144309"]]
  [1m[35m (118.2ms)[0m  commit transaction
Migrating to CreateTodoItems (20141012144541)
  [1m[36m (0.1ms)[0m  [1mbegin transaction[0m
DEPRECATION WARNING: `#timestamp` was called without specifying an option for `null`. In Rails 5, this behavior will change to `null: false`. You should manually specify `null: true` to prevent the behavior of your existing migrations from changing. (called from block in change at /home/dess/Todo-App/db/migrate/20141012144541_create_todo_items.rb:7)
  [1m[35m (0.2ms)[0m  CREATE TABLE "todo_items" ("id" INTEGER PRIMARY KEY AUTOINCREMENT NOT NULL, "content" varchar, "todo_list_id" integer, "created_at" datetime, "updated_at" datetime) 
  [1m[36m (0.1ms)[0m  [1mCREATE  INDEX "index_todo_items_on_todo_list_id" ON "todo_items" ("todo_list_id")[0m
  [1m[35mSQL (0.1ms)[0m  INSERT INTO "schema_migrations" ("version") VALUES (?)  [["version", "20141012144541"]]
  [1m[36m (97.2ms)[0m  [1mcommit transaction[0m
Migrating to AddCompletedAtToTodoItems (20141012150146)
  [1m[35m (0.1ms)[0m  begin transaction
  [1m[36m (0.4ms)[0m  [1mALTER TABLE "todo_items" ADD "completed_at" datetime[0m
  [1m[35mSQL (0.1ms)[0m  INSERT INTO "schema_migrations" ("version") VALUES (?)  [["version", "20141012150146"]]
  [1m[36m (96.8ms)[0m  [1mcommit transaction[0m
  [1m[35mActiveRecord::SchemaMigration Load (0.2ms)[0m  SELECT "schema_migrations".* FROM "schema_migrations"
  [1m[36m (0.2ms)[0m  [1m            SELECT sql
            FROM sqlite_master
            WHERE name='index_todo_items_on_todo_list_id' AND type='index'
            UNION ALL
            SELECT sql
            FROM sqlite_temp_master
            WHERE name='index_todo_items_on_todo_list_id' AND type='index'
[0m


Started GET "/" for 127.0.0.1 at 2015-12-18 17:04:06 +0530
  [1m[36mActiveRecord::SchemaMigration Load (0.1ms)[0m  [1mSELECT "schema_migrations".* FROM "schema_migrations"[0m
Processing by TodoListsController#index as HTML
  [1m[35mTodoList Load (0.1ms)[0m  SELECT "todo_lists".* FROM "todo_lists"
  Rendered todo_lists/index.html.erb within layouts/application (26.8ms)
Completed 200 OK in 634ms (Views: 580.3ms | ActiveRecord: 0.2ms)


Started GET "/assets/application.css?body=1" for 127.0.0.1 at 2015-12-18 17:04:06 +0530


Started GET "/assets/jquery.js?body=1" for 127.0.0.1 at 2015-12-18 17:04:06 +0530


Started GET "/assets/turbolinks.js?body=1" for 127.0.0.1 at 2015-12-18 17:04:06 +0530


Started GET "/assets/todo_lists.js?body=1" for 127.0.0.1 at 2015-12-18 17:04:06 +0530


Started GET "/assets/jquery_ujs.js?body=1" for 127.0.0.1 at 2015-12-18 17:04:06 +0530


Started GET "/assets/todo_items.js?body=1" for 127.0.0.1 at 2015-12-18 17:04:06 +0530


Started GET "/assets/application.js?body=1" for 127.0.0.1 at 2015-12-18 17:04:06 +0530


Started GET "/todo_lists/new" for 127.0.0.1 at 2015-12-18 17:04:12 +0530
Processing by TodoListsController#new as HTML
  Rendered todo_lists/_form.html.erb (46.7ms)
  Rendered todo_lists/new.html.erb within layouts/application (54.4ms)
Completed 200 OK in 85ms (Views: 81.5ms | ActiveRecord: 0.2ms)


Started POST "/todo_lists" for 127.0.0.1 at 2015-12-18 17:04:30 +0530
Processing by TodoListsController#create as HTML
  Parameters: {"utf8"=>"✓", "authenticity_token"=>"UV0KfakN0I6etStt2JoEblCG44zwIrt4qFHuPZ723ziOoicb59wyWDqA4vCM7YGql70W8WSt/8zvhbtYuUUN3Q==", "todo_list"=>{"title"=>"my task", "description"=>"no work"}, "commit"=>"Create Todo list"}
  [1m[36m (0.1ms)[0m  [1mbegin transaction[0m
  [1m[35mSQL (0.2ms)[0m  INSERT INTO "todo_lists" ("title", "description", "created_at", "updated_at") VALUES (?, ?, ?, ?)  [["title", "my task"], ["description", "no work"], ["created_at", "2015-12-18 11:34:30.459749"], ["updated_at", "2015-12-18 11:34:30.459749"]]
  [1m[36m (280.0ms)[0m  [1mcommit transaction[0m
Redirected to http://localhost:1234/todo_lists/1
Completed 302 Found in 285ms (ActiveRecord: 280.3ms)


Started GET "/todo_lists/1" for 127.0.0.1 at 2015-12-18 17:04:30 +0530
Processing by TodoListsController#show as HTML
  Parameters: {"id"=>"1"}
  [1m[35mTodoList Load (0.2ms)[0m  SELECT  "todo_lists".* FROM "todo_lists" WHERE "todo_lists"."id" = ? LIMIT 1  [["id", 1]]
  [1m[36mTodoItem Load (0.1ms)[0m  [1mSELECT "todo_items".* FROM "todo_items" WHERE "todo_items"."todo_list_id" = ?[0m  [["todo_list_id", 1]]
  Rendered collection (0.0ms)
  Rendered todo_items/_form.html.erb (14.8ms)
  Rendered todo_lists/show.html.erb within layouts/application (83.7ms)
Completed 200 OK in 141ms (Views: 110.1ms | ActiveRecord: 0.5ms)


Started GET "/todo_lists" for 127.0.0.1 at 2015-12-18 17:04:38 +0530
Processing by TodoListsController#index as HTML
  [1m[35mTodoList Load (0.1ms)[0m  SELECT "todo_lists".* FROM "todo_lists"
  Rendered todo_lists/index.html.erb within layouts/application (1.5ms)
Completed 200 OK in 42ms (Views: 41.7ms | ActiveRecord: 0.1ms)


Started GET "/todo_lists/1" for 127.0.0.1 at 2015-12-18 17:04:41 +0530
Processing by TodoListsController#show as HTML
  Parameters: {"id"=>"1"}
  [1m[36mTodoList Load (0.1ms)[0m  [1mSELECT  "todo_lists".* FROM "todo_lists" WHERE "todo_lists"."id" = ? LIMIT 1[0m  [["id", 1]]
  [1m[35mTodoItem Load (0.0ms)[0m  SELECT "todo_items".* FROM "todo_items" WHERE "todo_items"."todo_list_id" = ?  [["todo_list_id", 1]]
  Rendered collection (0.0ms)
  Rendered todo_items/_form.html.erb (1.4ms)
  Rendered todo_lists/show.html.erb within layouts/application (3.1ms)
Completed 200 OK in 21ms (Views: 20.4ms | ActiveRecord: 0.1ms)


Started GET "/todo_lists" for 127.0.0.1 at 2015-12-18 17:04:43 +0530
Processing by TodoListsController#index as HTML
  [1m[36mTodoList Load (0.1ms)[0m  [1mSELECT "todo_lists".* FROM "todo_lists"[0m
  Rendered todo_lists/index.html.erb within layouts/application (0.7ms)
Completed 200 OK in 53ms (Views: 52.7ms | ActiveRecord: 0.1ms)


Started GET "/" for 127.0.0.1 at 2015-12-18 17:04:49 +0530
Processing by TodoListsController#index as HTML
  [1m[35mTodoList Load (0.1ms)[0m  SELECT "todo_lists".* FROM "todo_lists"
  Rendered todo_lists/index.html.erb within layouts/application (0.7ms)
Completed 200 OK in 15ms (Views: 14.1ms | ActiveRecord: 0.1ms)


Started GET "/todo_lists/1" for 127.0.0.1 at 2015-12-18 17:50:32 +0530
Processing by TodoListsController#show as HTML
  Parameters: {"id"=>"1"}
  [1m[36mTodoList Load (0.1ms)[0m  [1mSELECT  "todo_lists".* FROM "todo_lists" WHERE "todo_lists"."id" = ? LIMIT 1[0m  [["id", 1]]
  [1m[35mTodoItem Load (0.1ms)[0m  SELECT "todo_items".* FROM "todo_items" WHERE "todo_items"."todo_list_id" = ?  [["todo_list_id", 1]]
  Rendered collection (0.0ms)
  Rendered todo_items/_form.html.erb (1.1ms)
  Rendered todo_lists/show.html.erb within layouts/application (2.5ms)
Completed 200 OK in 20ms (Views: 19.3ms | ActiveRecord: 0.2ms)


Started GET "/todo_lists" for 127.0.0.1 at 2015-12-18 17:50:34 +0530
Processing by TodoListsController#index as HTML
  [1m[36mTodoList Load (0.2ms)[0m  [1mSELECT "todo_lists".* FROM "todo_lists"[0m
  Rendered todo_lists/index.html.erb within layouts/application (1.1ms)
Completed 200 OK in 33ms (Views: 31.8ms | ActiveRecord: 0.2ms)


Started GET "/todo_lists/new" for 127.0.0.1 at 2015-12-18 17:50:36 +0530
Processing by TodoListsController#new as HTML
  Rendered todo_lists/_form.html.erb (1.9ms)
  Rendered todo_lists/new.html.erb within layouts/application (3.6ms)
Completed 200 OK in 75ms (Views: 73.9ms | ActiveRecord: 0.0ms)


Started POST "/todo_lists" for 127.0.0.1 at 2015-12-18 17:51:08 +0530
Processing by TodoListsController#create as HTML
  Parameters: {"utf8"=>"✓", "authenticity_token"=>"HbhrqnLpNOkvn55+4bc+WLUipDRo+HlEvZOBTVFNY8DCR0bMPDjWP4uqV+O1wLucchlRSfx3PfD6R9Qodv6xJQ==", "todo_list"=>{"title"=>"Drop Prakash safely ", "description"=>"Stop Somewhere to drink"}, "commit"=>"Create Todo list"}
  [1m[35m (0.1ms)[0m  begin transaction
  [1m[36mSQL (144.3ms)[0m  [1mINSERT INTO "todo_lists" ("title", "description", "created_at", "updated_at") VALUES (?, ?, ?, ?)[0m  [["title", "Drop Prakash safely "], ["description", "Stop Somewhere to drink"], ["created_at", "2015-12-18 12:21:08.268408"], ["updated_at", "2015-12-18 12:21:08.268408"]]
  [1m[35m (116.4ms)[0m  commit transaction
Redirected to http://localhost:1234/todo_lists/2
Completed 302 Found in 311ms (ActiveRecord: 260.8ms)


Started GET "/todo_lists/2" for 127.0.0.1 at 2015-12-18 17:51:08 +0530
Processing by TodoListsController#show as HTML
  Parameters: {"id"=>"2"}
  [1m[36mTodoList Load (0.1ms)[0m  [1mSELECT  "todo_lists".* FROM "todo_lists" WHERE "todo_lists"."id" = ? LIMIT 1[0m  [["id", 2]]
  [1m[35mTodoItem Load (0.1ms)[0m  SELECT "todo_items".* FROM "todo_items" WHERE "todo_items"."todo_list_id" = ?  [["todo_list_id", 2]]
  Rendered collection (0.0ms)
  Rendered todo_items/_form.html.erb (1.4ms)
  Rendered todo_lists/show.html.erb within layouts/application (3.8ms)
Completed 200 OK in 84ms (Views: 82.9ms | ActiveRecord: 0.2ms)


Started GET "/assets/jquery.js?body=1" for 127.0.0.1 at 2015-12-18 17:51:09 +0530


Started GET "/assets/application.js?body=1" for 127.0.0.1 at 2015-12-18 17:51:09 +0530


Started GET "/assets/jquery_ujs.js?body=1" for 127.0.0.1 at 2015-12-18 17:51:09 +0530


Started GET "/assets/todo_lists.js?body=1" for 127.0.0.1 at 2015-12-18 17:51:09 +0530


Started GET "/assets/todo_items.js?body=1" for 127.0.0.1 at 2015-12-18 17:51:09 +0530


Started GET "/assets/application.css?body=1" for 127.0.0.1 at 2015-12-18 17:51:09 +0530


Started GET "/assets/turbolinks.js?body=1" for 127.0.0.1 at 2015-12-18 17:51:09 +0530


Started GET "/todo_lists" for 127.0.0.1 at 2015-12-18 17:51:12 +0530
Processing by TodoListsController#index as HTML
  [1m[36mTodoList Load (0.3ms)[0m  [1mSELECT "todo_lists".* FROM "todo_lists"[0m
  Rendered todo_lists/index.html.erb within layouts/application (1.8ms)
Completed 200 OK in 40ms (Views: 38.3ms | ActiveRecord: 0.3ms)


Started GET "/todo_lists/2" for 127.0.0.1 at 2015-12-18 17:51:15 +0530
Processing by TodoListsController#show as HTML
  Parameters: {"id"=>"2"}
  [1m[35mTodoList Load (0.1ms)[0m  SELECT  "todo_lists".* FROM "todo_lists" WHERE "todo_lists"."id" = ? LIMIT 1  [["id", 2]]
  [1m[36mTodoItem Load (0.1ms)[0m  [1mSELECT "todo_items".* FROM "todo_items" WHERE "todo_items"."todo_list_id" = ?[0m  [["todo_list_id", 2]]
  Rendered collection (0.0ms)
  Rendered todo_items/_form.html.erb (1.1ms)
  Rendered todo_lists/show.html.erb within layouts/application (2.7ms)
Completed 200 OK in 22ms (Views: 20.4ms | ActiveRecord: 0.2ms)


Started POST "/todo_lists/2/todo_items" for 127.0.0.1 at 2015-12-18 17:51:21 +0530
Processing by TodoItemsController#create as HTML
  Parameters: {"utf8"=>"✓", "authenticity_token"=>"WY1ildzzeSJrU9dKjnheQXFXC8eDzXmcYGZARoytynyGck/zkiKb9M9mHtfaD9uFtmz+uhdCPSgnshUjqx4YmQ==", "todo_item"=>{"content"=>""}, "commit"=>"Create Todo item", "todo_list_id"=>"2"}
  [1m[35mTodoList Load (0.1ms)[0m  SELECT  "todo_lists".* FROM "todo_lists" WHERE "todo_lists"."id" = ? LIMIT 1  [["id", 2]]
  [1m[36m (0.1ms)[0m  [1mbegin transaction[0m
  [1m[35mSQL (27.8ms)[0m  INSERT INTO "todo_items" ("content", "todo_list_id", "created_at", "updated_at") VALUES (?, ?, ?, ?)  [["content", ""], ["todo_list_id", 2], ["created_at", "2015-12-18 12:21:21.968496"], ["updated_at", "2015-12-18 12:21:21.968496"]]
  [1m[36m (97.8ms)[0m  [1mcommit transaction[0m
Redirected to http://localhost:1234/todo_lists/2
Completed 302 Found in 130ms (ActiveRecord: 125.8ms)


Started GET "/todo_lists/2" for 127.0.0.1 at 2015-12-18 17:51:22 +0530
Processing by TodoListsController#show as HTML
  Parameters: {"id"=>"2"}
  [1m[35mTodoList Load (0.1ms)[0m  SELECT  "todo_lists".* FROM "todo_lists" WHERE "todo_lists"."id" = ? LIMIT 1  [["id", 2]]
  [1m[36mTodoItem Load (0.0ms)[0m  [1mSELECT "todo_items".* FROM "todo_items" WHERE "todo_items"."todo_list_id" = ?[0m  [["todo_list_id", 2]]
  Rendered todo_items/_todo_item.html.erb (1.3ms)
  Rendered todo_items/_form.html.erb (1.2ms)
  Rendered todo_lists/show.html.erb within layouts/application (63.5ms)
Completed 200 OK in 81ms (Views: 80.3ms | ActiveRecord: 0.1ms)


Started GET "/assets/application.css?body=1" for 127.0.0.1 at 2015-12-18 17:51:22 +0530


Started GET "/assets/todo_lists.js?body=1" for 127.0.0.1 at 2015-12-18 17:51:22 +0530


Started GET "/assets/jquery.js?body=1" for 127.0.0.1 at 2015-12-18 17:51:22 +0530


Started GET "/assets/jquery_ujs.js?body=1" for 127.0.0.1 at 2015-12-18 17:51:22 +0530


Started GET "/assets/turbolinks.js?body=1" for 127.0.0.1 at 2015-12-18 17:51:22 +0530


Started GET "/assets/todo_items.js?body=1" for 127.0.0.1 at 2015-12-18 17:51:22 +0530


Started GET "/assets/application.js?body=1" for 127.0.0.1 at 2015-12-18 17:51:22 +0530


Started DELETE "/todo_lists/2/todo_items/1" for 127.0.0.1 at 2015-12-18 17:51:26 +0530
Processing by TodoItemsController#destroy as HTML
  Parameters: {"authenticity_token"=>"A68RmcZqW0BmxGhCnhMW2Wp2uaFodC3PHQXeCAAAAtbcUDz/iLu5lsLxod/KZJMdrU1M3Pz7aXta0YttJ7PQMw==", "todo_list_id"=>"2", "id"=>"1"}
  [1m[35mTodoList Load (0.2ms)[0m  SELECT  "todo_lists".* FROM "todo_lists" WHERE "todo_lists"."id" = ? LIMIT 1  [["id", 2]]
  [1m[36mTodoItem Load (0.2ms)[0m  [1mSELECT  "todo_items".* FROM "todo_items" WHERE "todo_items"."todo_list_id" = ? AND "todo_items"."id" = ? LIMIT 1[0m  [["todo_list_id", 2], ["id", 1]]
  [1m[35m (0.1ms)[0m  begin transaction
  [1m[36mSQL (0.1ms)[0m  [1mDELETE FROM "todo_items" WHERE "todo_items"."id" = ?[0m  [["id", 1]]
  [1m[35m (106.6ms)[0m  commit transaction
Redirected to http://localhost:1234/todo_lists/2
Completed 302 Found in 682ms (ActiveRecord: 107.2ms)


Started GET "/todo_lists/2" for 127.0.0.1 at 2015-12-18 17:51:27 +0530
Processing by TodoListsController#show as HTML
  Parameters: {"id"=>"2"}
  [1m[36mTodoList Load (0.1ms)[0m  [1mSELECT  "todo_lists".* FROM "todo_lists" WHERE "todo_lists"."id" = ? LIMIT 1[0m  [["id", 2]]
  [1m[35mTodoItem Load (0.0ms)[0m  SELECT "todo_items".* FROM "todo_items" WHERE "todo_items"."todo_list_id" = ?  [["todo_list_id", 2]]
  Rendered collection (0.0ms)
  Rendered todo_items/_form.html.erb (0.9ms)
  Rendered todo_lists/show.html.erb within layouts/application (2.0ms)
Completed 200 OK in 17ms (Views: 16.4ms | ActiveRecord: 0.1ms)


Started GET "/assets/application.css?body=1" for 127.0.0.1 at 2015-12-18 17:51:27 +0530


Started GET "/assets/jquery.js?body=1" for 127.0.0.1 at 2015-12-18 17:51:27 +0530


Started GET "/assets/turbolinks.js?body=1" for 127.0.0.1 at 2015-12-18 17:51:27 +0530


Started GET "/assets/todo_items.js?body=1" for 127.0.0.1 at 2015-12-18 17:51:27 +0530


Started GET "/assets/todo_lists.js?body=1" for 127.0.0.1 at 2015-12-18 17:51:27 +0530


Started GET "/assets/jquery_ujs.js?body=1" for 127.0.0.1 at 2015-12-18 17:51:27 +0530


Started GET "/assets/application.js?body=1" for 127.0.0.1 at 2015-12-18 17:51:27 +0530


Started POST "/todo_lists/2/todo_items" for 127.0.0.1 at 2015-12-18 17:51:47 +0530
Processing by TodoItemsController#create as HTML
  Parameters: {"utf8"=>"✓", "authenticity_token"=>"mMVToIowFcY52TsCWjbDb+FzNS49fNQWN/OcUqdIgA5HOn7GxOH3EJ3s8p8OQUarJkjAU6nzkKJwJ8k3gPtS6w==", "todo_item"=>{"content"=>"on the way back"}, "commit"=>"Create Todo item", "todo_list_id"=>"2"}
  [1m[36mTodoList Load (0.1ms)[0m  [1mSELECT  "todo_lists".* FROM "todo_lists" WHERE "todo_lists"."id" = ? LIMIT 1[0m  [["id", 2]]
  [1m[35m (0.0ms)[0m  begin transaction
  [1m[36mSQL (0.2ms)[0m  [1mINSERT INTO "todo_items" ("content", "todo_list_id", "created_at", "updated_at") VALUES (?, ?, ?, ?)[0m  [["content", "on the way back"], ["todo_list_id", 2], ["created_at", "2015-12-18 12:21:47.850993"], ["updated_at", "2015-12-18 12:21:47.850993"]]
  [1m[35m (252.9ms)[0m  commit transaction
Redirected to http://localhost:1234/todo_lists/2
Completed 302 Found in 256ms (ActiveRecord: 253.2ms)


Started GET "/todo_lists/2" for 127.0.0.1 at 2015-12-18 17:51:48 +0530
Processing by TodoListsController#show as HTML
  Parameters: {"id"=>"2"}
  [1m[36mTodoList Load (0.1ms)[0m  [1mSELECT  "todo_lists".* FROM "todo_lists" WHERE "todo_lists"."id" = ? LIMIT 1[0m  [["id", 2]]
  [1m[35mTodoItem Load (0.0ms)[0m  SELECT "todo_items".* FROM "todo_items" WHERE "todo_items"."todo_list_id" = ?  [["todo_list_id", 2]]
  Rendered todo_items/_todo_item.html.erb (0.3ms)
  Rendered todo_items/_form.html.erb (0.7ms)
  Rendered todo_lists/show.html.erb within layouts/application (2.3ms)
Completed 200 OK in 17ms (Views: 16.5ms | ActiveRecord: 0.1ms)


Started GET "/assets/application.css?body=1" for 127.0.0.1 at 2015-12-18 17:51:48 +0530


Started GET "/assets/jquery.js?body=1" for 127.0.0.1 at 2015-12-18 17:51:48 +0530


Started GET "/assets/todo_lists.js?body=1" for 127.0.0.1 at 2015-12-18 17:51:48 +0530


Started GET "/assets/todo_items.js?body=1" for 127.0.0.1 at 2015-12-18 17:51:48 +0530


Started GET "/assets/jquery_ujs.js?body=1" for 127.0.0.1 at 2015-12-18 17:51:48 +0530


Started GET "/assets/turbolinks.js?body=1" for 127.0.0.1 at 2015-12-18 17:51:48 +0530


Started GET "/assets/application.js?body=1" for 127.0.0.1 at 2015-12-18 17:51:48 +0530


Started DELETE "/todo_lists/2/todo_items/2" for 127.0.0.1 at 2015-12-18 17:51:54 +0530
Processing by TodoItemsController#destroy as HTML
  Parameters: {"authenticity_token"=>"443KkRnF66uKAEn9bs5pkzJYTik60jxS7JKL/drIEaY8cuf3VxQJfS41gGA6uexX9WO7VK5deOarRt6Y/XvDQw==", "todo_list_id"=>"2", "id"=>"2"}
  [1m[36mTodoList Load (0.1ms)[0m  [1mSELECT  "todo_lists".* FROM "todo_lists" WHERE "todo_lists"."id" = ? LIMIT 1[0m  [["id", 2]]
  [1m[35mTodoItem Load (0.1ms)[0m  SELECT  "todo_items".* FROM "todo_items" WHERE "todo_items"."todo_list_id" = ? AND "todo_items"."id" = ? LIMIT 1  [["todo_list_id", 2], ["id", 2]]
  [1m[36m (0.1ms)[0m  [1mbegin transaction[0m
  [1m[35mSQL (0.2ms)[0m  DELETE FROM "todo_items" WHERE "todo_items"."id" = ?  [["id", 2]]
  [1m[36m (124.7ms)[0m  [1mcommit transaction[0m
Redirected to http://localhost:1234/todo_lists/2
Completed 302 Found in 129ms (ActiveRecord: 125.2ms)


Started GET "/todo_lists/2" for 127.0.0.1 at 2015-12-18 17:51:54 +0530
Processing by TodoListsController#show as HTML
  Parameters: {"id"=>"2"}
  [1m[35mTodoList Load (0.1ms)[0m  SELECT  "todo_lists".* FROM "todo_lists" WHERE "todo_lists"."id" = ? LIMIT 1  [["id", 2]]
  [1m[36mTodoItem Load (0.0ms)[0m  [1mSELECT "todo_items".* FROM "todo_items" WHERE "todo_items"."todo_list_id" = ?[0m  [["todo_list_id", 2]]
  Rendered collection (0.0ms)
  Rendered todo_items/_form.html.erb (1.0ms)
  Rendered todo_lists/show.html.erb within layouts/application (2.3ms)
Completed 200 OK in 65ms (Views: 64.4ms | ActiveRecord: 0.1ms)


Started GET "/assets/jquery.js?body=1" for 127.0.0.1 at 2015-12-18 17:51:54 +0530


Started GET "/assets/jquery_ujs.js?body=1" for 127.0.0.1 at 2015-12-18 17:51:54 +0530


Started GET "/assets/todo_lists.js?body=1" for 127.0.0.1 at 2015-12-18 17:51:54 +0530


Started GET "/assets/turbolinks.js?body=1" for 127.0.0.1 at 2015-12-18 17:51:54 +0530


Started GET "/assets/todo_items.js?body=1" for 127.0.0.1 at 2015-12-18 17:51:54 +0530


Started GET "/assets/application.css?body=1" for 127.0.0.1 at 2015-12-18 17:51:54 +0530


Started GET "/assets/application.js?body=1" for 127.0.0.1 at 2015-12-18 17:51:54 +0530


Started GET "/todo_lists" for 127.0.0.1 at 2015-12-18 17:51:56 +0530
Processing by TodoListsController#index as HTML
  [1m[35mTodoList Load (0.1ms)[0m  SELECT "todo_lists".* FROM "todo_lists"
  Rendered todo_lists/index.html.erb within layouts/application (0.9ms)
Completed 200 OK in 17ms (Views: 16.7ms | ActiveRecord: 0.1ms)


Started GET "/todo_lists/1" for 127.0.0.1 at 2015-12-18 18:20:12 +0530
Processing by TodoListsController#show as HTML
  Parameters: {"id"=>"1"}
  [1m[36mTodoList Load (0.1ms)[0m  [1mSELECT  "todo_lists".* FROM "todo_lists" WHERE "todo_lists"."id" = ? LIMIT 1[0m  [["id", 1]]
  [1m[35mTodoItem Load (0.0ms)[0m  SELECT "todo_items".* FROM "todo_items" WHERE "todo_items"."todo_list_id" = ?  [["todo_list_id", 1]]
  Rendered collection (0.0ms)
  Rendered todo_items/_form.html.erb (1.0ms)
  Rendered todo_lists/show.html.erb within layouts/application (2.1ms)
Completed 200 OK in 20ms (Views: 19.1ms | ActiveRecord: 0.1ms)


Started GET "/todo_lists" for 127.0.0.1 at 2015-12-18 18:20:14 +0530
Processing by TodoListsController#index as HTML
  [1m[36mTodoList Load (0.2ms)[0m  [1mSELECT "todo_lists".* FROM "todo_lists"[0m
  Rendered todo_lists/index.html.erb within layouts/application (1.3ms)
Completed 200 OK in 28ms (Views: 26.5ms | ActiveRecord: 0.2ms)


Started GET "/todo_lists/1" for 127.0.0.1 at 2015-12-21 11:04:42 +0530
Processing by TodoListsController#show as HTML
  Parameters: {"id"=>"1"}
  [1m[35mTodoList Load (21.8ms)[0m  SELECT  "todo_lists".* FROM "todo_lists" WHERE "todo_lists"."id" = ? LIMIT 1  [["id", 1]]
  [1m[36mTodoItem Load (0.1ms)[0m  [1mSELECT "todo_items".* FROM "todo_items" WHERE "todo_items"."todo_list_id" = ?[0m  [["todo_list_id", 1]]
  Rendered collection (0.0ms)
  Rendered todo_items/_form.html.erb (1.6ms)
  Rendered todo_lists/show.html.erb within layouts/application (13.1ms)
Completed 200 OK in 179ms (Views: 144.9ms | ActiveRecord: 21.8ms)


Started GET "/todo_lists" for 127.0.0.1 at 2015-12-21 11:04:44 +0530
Processing by TodoListsController#index as HTML
  [1m[35mTodoList Load (0.1ms)[0m  SELECT "todo_lists".* FROM "todo_lists"
  Rendered todo_lists/index.html.erb within layouts/application (0.8ms)
Completed 200 OK in 15ms (Views: 14.1ms | ActiveRecord: 0.1ms)


Started GET "/todo_lists/2" for 127.0.0.1 at 2015-12-21 11:04:45 +0530
Processing by TodoListsController#show as HTML
  Parameters: {"id"=>"2"}
  [1m[36mTodoList Load (0.1ms)[0m  [1mSELECT  "todo_lists".* FROM "todo_lists" WHERE "todo_lists"."id" = ? LIMIT 1[0m  [["id", 2]]
  [1m[35mTodoItem Load (0.1ms)[0m  SELECT "todo_items".* FROM "todo_items" WHERE "todo_items"."todo_list_id" = ?  [["todo_list_id", 2]]
  Rendered collection (0.0ms)
  Rendered todo_items/_form.html.erb (0.9ms)
  Rendered todo_lists/show.html.erb within layouts/application (2.5ms)
Completed 200 OK in 19ms (Views: 17.5ms | ActiveRecord: 0.2ms)


Started GET "/todo_lists" for 127.0.0.1 at 2015-12-21 11:04:49 +0530
Processing by TodoListsController#index as HTML
  [1m[36mTodoList Load (0.2ms)[0m  [1mSELECT "todo_lists".* FROM "todo_lists"[0m
  Rendered todo_lists/index.html.erb within layouts/application (1.2ms)
Completed 200 OK in 68ms (Views: 66.8ms | ActiveRecord: 0.2ms)


Started GET "/todo_lists" for 127.0.0.1 at 2015-12-22 18:16:37 +0530
Processing by TodoListsController#index as HTML
  [1m[35mTodoList Load (94.0ms)[0m  SELECT "todo_lists".* FROM "todo_lists"
  Rendered todo_lists/index.html.erb within layouts/application (139.9ms)
Completed 200 OK in 649ms (Views: 436.9ms | ActiveRecord: 94.0ms)


Started GET "/assets/jquery_ujs.js?body=1" for 127.0.0.1 at 2015-12-22 18:16:39 +0530


Started GET "/assets/turbolinks.js?body=1" for 127.0.0.1 at 2015-12-22 18:16:39 +0530


Started GET "/assets/application.css?body=1" for 127.0.0.1 at 2015-12-22 18:16:39 +0530


Started GET "/assets/todo_items.js?body=1" for 127.0.0.1 at 2015-12-22 18:16:39 +0530


Started GET "/assets/jquery.js?body=1" for 127.0.0.1 at 2015-12-22 18:16:39 +0530


Started GET "/assets/application.js?body=1" for 127.0.0.1 at 2015-12-22 18:16:39 +0530


Started GET "/assets/todo_lists.js?body=1" for 127.0.0.1 at 2015-12-22 18:16:39 +0530
